Infos zu Spieler: dernils Runde: 4 
Punkte: 280 | Welten: 7 | Flotten: 8 | Schiffe auf Flotten: 25 | D-Schiffe: 16
Verbündete: ()

W14(115,100,92) [dernils] (D-Schiffe=1)
   F148[dernils] = 5
   F93[ZAPHOD] = 3

W61(87,88,29) [Beerbowl] (D-Schiffe=2)
   F84[dernils] = 4
   F138[Beerbowl] = 1
   (F38[Beerbowl]-->W88 F104[eragon]-->W88 F87[Beerbowl]-->W88 )

W68(136,112,84,91) [dernils] (D-Schiffe=1)
   F74[dernils] = 5

W75(92,84,87) [dernils] (D-Schiffe=5)
   F24[dernils] = 1

W84(87,68,75) [dernils] (D-Schiffe=3)

W87(61,84,75) [dernils] (D-Schiffe=2)
   F132[dernils] = 1
   (F87[Beerbowl]-->W61 )

W92(129,75,14) [dernils] (D-Schiffe=3)
   F119[dernils] = 1

W129(92,83,144) [dernils] (D-Schiffe=1)
   F133[dernils] = 4
   F58[dernils] = 4

