Infos zu Spieler: Drake Runde: 4 
Punkte: 320 | Welten: 10 | Flotten: 9 | Schiffe auf Flotten: 29 | D-Schiffe: 9
Verbündete: ()

W2(64,24) [Drake]
   F91[Drake] = 4

W5(96,10,142) [Drake] (D-Schiffe=1)
   (F98[Drake]-->W10 F60[Drake]-->W142 )

W10(5,103,104) [Drake]
   F98[Drake] = 4

W24(12,43,2,105) [Drake] (D-Schiffe=1)
   F55[Drake] = 0
   F140[Drake] = 2
   (F91[Drake]-->W2 )

W43(106,24,93) [Drake] (D-Schiffe=2)
   (F140[Drake]-->W24 )

W72(33,106,38) [Drake]
   F68[Drake] = 5

W93(96,43) [Drake] (D-Schiffe=2)
   (F147[Drake]-->W96 )

W96(5,122,93) [Drake] (D-Schiffe=2)
   F147[Drake] = 4
   F37[Drake] = 5

W106(43,72) [Drake] (D-Schiffe=1)
   (F68[Drake]-->W72 )

W122(110,96,51,17) [masal]
   F20[masal] = 0
   F127[masal] = 0
   F22[masal] = 4
   (F94[Red-Ex]-->W17 F37[Drake]-->W96 )

W142(5,76,89) [Drake]
   F10[Drake] = 0
   F60[Drake] = 5

