Infos zu Spieler: ZAPHOD Runde: 4 
Punkte: 300 | Welten: 9 | Flotten: 12 | Schiffe auf Flotten: 25 | D-Schiffe: 13
Verbündete: ()

W14(115,100,92) [dernils] (D-Schiffe=1)
   F148[dernils] = 5
   F93[ZAPHOD] = 3

W29(61,57,65) [eragon] (D-Schiffe=2)
   F89[eragon] = 6
   (F38[Beerbowl]-->W61 F93[ZAPHOD]-->W65 F82[ZAPHOD]-->W65 )

W47(141,105,100) [ZAPHOD]
   F50[ZAPHOD] = 0
   F101[ZAPHOD] = 0
   F82[ZAPHOD] = 3

W65(29,73,100) [ZAPHOD] (D-Schiffe=2)
   F63[ZAPHOD] = 2
   (F93[ZAPHOD]-->W100 F82[ZAPHOD]-->W100 F42[eragon]-->W100 F70[ZAPHOD]-->W73 F78[ZAPHOD]-->W73 )

W71(86,91,85) [ZAPHOD] (D-Schiffe=1)
   (F126[ZAPHOD]-->W91 F129[ZAPHOD]-->W85 )

W73(86,65) [ZAPHOD] (D-Schiffe=5)
   F70[ZAPHOD] = 1
   (F78[ZAPHOD]-->W86 )

W85(62,13,71)
   F73[Toaster] = 3
   F129[ZAPHOD] = 3

W86(150,73,71) [ZAPHOD] (D-Schiffe=3)
   F78[ZAPHOD] = 1

W90(150,27,135) [Red-Ex] (D-Schiffe=2)
   F56[ZAPHOD] = 0
   F120[ZAPHOD] = 5

W91(148,103,71,68) [ZAPHOD]
   F126[ZAPHOD] = 2

W100(14,65,47) [ZAPHOD] (D-Schiffe=1)
   F42[eragon] = 5
   (F93[ZAPHOD]-->W14 F82[ZAPHOD]-->W47 F70[ZAPHOD]-->W65 F78[ZAPHOD]-->W65 F63[ZAPHOD]-->W65 )

W128(116,54,132,150) [ZAPHOD]
   F46[ZAPHOD] = 5

W150(90,86,32,128) [ZAPHOD] (D-Schiffe=1)
   (F46[ZAPHOD]-->W128 F120[ZAPHOD]-->W90 )

