Infos zu Spieler: dkdz Runde: 9 
Punkte: 680 | Welten: 5 | Flotten: 8 | Schiffe auf Flotten: 25 | D-Schiffe: 40
Verbündete: ()

W23(88,139) [Beerbowl] (D-Schiffe=6)
   F66[dkdz] = 5
   F99[Beerbowl] = 1
   F71[Beerbowl] = 1
   F125[Beerbowl] = 1
   (F51[Beerbowl]-->W139 F138[Beerbowl]-->W139 )

W25(46,70,139) [dkdz] (D-Schiffe=7)

W41(46,8,127) [dkdz] (D-Schiffe=7)
   F96[---] = 0

W46(25,41) [dkdz] (D-Schiffe=15)

W55(30,70,135) [Red-Ex] (D-Schiffe=7)
   F3[dkdz] = 0
   F40[dkdz] = 0
   F139[dkdz] = 0
   F16[dkdz] = 5

W70(19,55,25) [dkdz] (D-Schiffe=6)
   F23[Red-Ex] = 0
   F112[Red-Ex] = 0
   F135[Red-Ex] = 5

W120(124,9,114,139) [eragon] (D-Schiffe=6)
   F80[dkdz] = 5
   (F104[eragon]-->W124 )

W123(53,83,127) [Toaster] (D-Schiffe=5)
   F6[dkdz] = 5
   F19[Toaster] = 5

W127(123,41) [dkdz] (D-Schiffe=5)
   F54[---] = 0

W139(23,25,120) [Beerbowl] (D-Schiffe=3)
   F13[dkdz] = 5
   F51[Beerbowl] = 1
   F138[Beerbowl] = 1

