Infos zu Spieler: Beerbowl Runde: 10 
Punkte: 600 | Welten: 5 | Flotten: 12 | Schiffe auf Flotten: 53 | D-Schiffe: 5
Verbündete: ()

W7(88,110) [Beerbowl]
   F87[Beerbowl] = 10 (feuert auf D-Schiffe)

W23(88,139) [Beerbowl] (D-Schiffe=2)
   F66[dkdz] = 5
   F71[Beerbowl] = 1
   (F99[Beerbowl]-->W88 F125[Beerbowl]-->W88 F138[Beerbowl]-->W88 )

W61(87,88,29) [Beerbowl] (D-Schiffe=1)
   F92[Beerbowl] = 2
   F100[Beerbowl] = 3
   F99[Beerbowl] = 7
   F125[Beerbowl] = 1
   F77[Beerbowl] = 4
   F138[Beerbowl] = 4
   (F42[eragon]-->W29 F137[dernils]-->W87 )

W88(61,7,23) [Beerbowl] (D-Schiffe=1)
   F145[Beerbowl] = 1
   (F99[Beerbowl]-->W61 F125[Beerbowl]-->W61 F77[Beerbowl]-->W61 F138[Beerbowl]-->W61 )

W110(35,122,7) [masal] (D-Schiffe=5)
   F76[Beerbowl] = 1
   F38[Beerbowl] = 18 (feuert auf D-Schiffe)

W139(23,25,120) [Beerbowl] (D-Schiffe=1)
   F13[dkdz] = 5
   F51[Beerbowl] = 1
   (F138[Beerbowl]-->W23 )

