Infos zu Spieler: Red-Ex Runde: 10 
Punkte: 1500 | Welten: 10 | Flotten: 7 | Schiffe auf Flotten: 31 | D-Schiffe: 90
Verbündete: ()

W17(135,101,22,122) [Red-Ex] (D-Schiffe=6)
   F94[Red-Ex] = 7

W27(146,90) [Red-Ex] (D-Schiffe=9)
   F43[---] = 3

W30(55,147) [Red-Ex] (D-Schiffe=7)

W37(135,101) [Red-Ex] (D-Schiffe=19)
   F135[Red-Ex] = 5

W49(81,101,107) [Red-Ex] (D-Schiffe=4)
   F31[---] = 0
   (F39[Red-Ex]-->W101 F56[ZAPHOD]-->W81 )

W55(30,70,135) [Red-Ex] (D-Schiffe=8)
   F3[dkdz] = 0
   F40[dkdz] = 0
   F139[dkdz] = 0
   F16[dkdz] = 5
   (F135[Red-Ex]-->W135 F144[Red-Ex]-->W70 )

W70(19,55,25) [dkdz] (D-Schiffe=7)
   F23[Red-Ex] = 0
   F112[Red-Ex] = 0
   F144[Red-Ex] = 9
   (F135[Red-Ex]-->W55 )

W90(150,27,135) [Red-Ex] (D-Schiffe=8)

W101(49,17,37) [Red-Ex] (D-Schiffe=11)
   F39[Red-Ex] = 5

W135(17,37,90,55) [Red-Ex] (D-Schiffe=13)
   (F135[Red-Ex]-->W37 F144[Red-Ex]-->W55 )

W146(140,121,27) [Red-Ex] (D-Schiffe=5)
   F107[Red-Ex] = 5

