Infos zu Spieler: Beerbowl Runde: 11 
Punkte: 720 | Welten: 6 | Flotten: 12 | Schiffe auf Flotten: 61 | D-Schiffe: 7
Verbündete: ()

W7(88,110) [Beerbowl] (D-Schiffe=1)
   F92[Beerbowl] = 2
   (F87[Beerbowl]-->W110 F99[Beerbowl]-->W110 )

W23(88,139) [Beerbowl] (D-Schiffe=2)
   F66[dkdz] = 5
   F99[Beerbowl] = 7
   F77[Beerbowl] = 4
   F145[Beerbowl] = 2
   (F71[Beerbowl]-->W139 )

W35(110,126,145) [masal] (D-Schiffe=8)
   F5[masal] = 4
   F76[Beerbowl] = 7

W61(87,88,29) [Beerbowl] (D-Schiffe=1)
   (F92[Beerbowl]-->W88 F100[Beerbowl]-->W88 F99[Beerbowl]-->W88 F99[Beerbowl]-->W88 F125[Beerbowl]-->W88 F77[Beerbowl]-->W88 )

W88(61,7,23) [Beerbowl] (D-Schiffe=2)
   F100[Beerbowl] = 3
   F125[Beerbowl] = 2
   (F92[Beerbowl]-->W7 F99[Beerbowl]-->W23 F99[Beerbowl]-->W7 F77[Beerbowl]-->W23 F145[Beerbowl]-->W23 )

W110(35,122,7) [Beerbowl]
   F38[Beerbowl] = 12 (feuert auf D-Schiffe)
   F87[Beerbowl] = 10
   F99[Beerbowl] = 7
   (F76[Beerbowl]-->W35 )

W139(23,25,120) [Beerbowl] (D-Schiffe=1)
   F13[dkdz] = 5
   F51[Beerbowl] = 2
   F71[Beerbowl] = 3
   F104[eragon] = 9

