Infos zu Spieler: dernils Runde: 11 
Punkte: 2940 | Welten: 23 | Flotten: 20 | Schiffe auf Flotten: 123 | D-Schiffe: 77
Verbündete: ()

W13(40,85,38,108) [ZAPHOD] (D-Schiffe=1)
   (F84[dernils]-->W40 F74[dernils]-->W40 F59[ZAPHOD]-->W85 F86[ZAPHOD]-->W85 )

W14(115,100,92) [dernils] (D-Schiffe=3)

W19(70,134,112) [dernils] (D-Schiffe=5)
   F148[dernils] = 21

W26(133,149,28) [dernils] (D-Schiffe=1)
   F26[dernils] = 3
   F133[dernils] = 1
   F83[dernils] = 7
   (F101[ZAPHOD]-->W28 F52[Drake]-->W28 )

W34(149,137,126) [dernils] (D-Schiffe=1)
   F32[dernils] = 1
   F117[dernils] = 4
   (F85[dernils]-->W137 F24[dernils]-->W137 )

W36(115,138,124) [dernils] (D-Schiffe=1)
   (F2[dernils]-->W115 F119[dernils]-->W138 )

W40(13,134) [dernils] (D-Schiffe=3)
   F84[dernils] = 5
   (F74[dernils]-->W134 )

W48(144,145,133) [dernils] (D-Schiffe=2)
   (F4[dernils]-->W144 F48[dernils]-->W144 )

W67(137,56,81)
   F85[dernils] = 2
   F17[Drake] = 1
   F109[ZAPHOD] = 9
   F130[dernils] = 3

W68(136,112,84,91) [dernils] (D-Schiffe=1)
   (F148[dernils]-->W112 F58[dernils]-->W84 )

W74(112,38) [dernils] (D-Schiffe=1)
   F122[dernils] = 9

W75(92,84,87) [dernils] (D-Schiffe=10)
   F58[dernils] = 14

W78(137,82,63)
   F1[Drake] = 2
   F130[dernils] = 3

W84(87,68,75) [dernils] (D-Schiffe=4)
   (F58[dernils]-->W75 )

W87(61,84,75) [dernils] (D-Schiffe=6)
   F137[dernils] = 9

W92(129,75,14) [dernils] (D-Schiffe=6)

W94(130,136,138) [dernils] (D-Schiffe=2)

W112(74,68,19) [dernils] (D-Schiffe=2)
   F132[dernils] = 12
   (F148[dernils]-->W19 )

W115(14,36,52,11) [dernils] (D-Schiffe=3)
   F2[dernils] = 6

W126(35,118,34) [Drake] (D-Schiffe=4)
   (F117[dernils]-->W34 F131[Drake]-->W118 )

W129(92,83,144) [dernils] (D-Schiffe=6)
   F48[dernils] = 1

W133(26,58,48)
   F128[eragon] = 4
   F116[eragon] = 2
   F60[Drake] = 1
   (F133[dernils]-->W26 )

W134(136,40,19) [dernils] (D-Schiffe=7)
   F74[dernils] = 10

W136(134,68,94) [dernils] (D-Schiffe=2)
   (F58[dernils]-->W68 )

W137(67,78,34) [dernils] (D-Schiffe=1)
   (F85[dernils]-->W67 F130[dernils]-->W78 F130[dernils]-->W67 )

W138(94,36) [dernils] (D-Schiffe=4)
   F119[dernils] = 8

W144(48,129,149) [dernils] (D-Schiffe=4)
   F4[dernils] = 1
   (F48[dernils]-->W129 )

W145(6,48,35) [eragon] (D-Schiffe=5)
   (F4[dernils]-->W48 F48[dernils]-->W48 )

W149(34,144,26) [dernils] (D-Schiffe=2)
   F41[dernils] = 3
   (F83[dernils]-->W26 )

