Infos zu Spieler: Red-Ex Runde: 11 
Punkte: 1700 | Welten: 10 | Flotten: 9 | Schiffe auf Flotten: 44 | D-Schiffe: 95
Verbündete: ()

W17(135,101,22,122) [Red-Ex] (D-Schiffe=7)
   F94[Red-Ex] = 7

W27(146,90) [Red-Ex] (D-Schiffe=11)
   F43[Red-Ex] = 3
   F107[Red-Ex] = 5

W30(55,147) [Red-Ex] (D-Schiffe=8)

W37(135,101) [Red-Ex] (D-Schiffe=12)
   (F135[Red-Ex]-->W135 )

W49(81,101,107) [Red-Ex] (D-Schiffe=5)
   F31[Red-Ex] = 0
   F39[Red-Ex] = 5

W55(30,70,135) [Red-Ex] (D-Schiffe=9)
   F3[---] = 0
   F40[---] = 0
   F139[---] = 0
   F16[dkdz] = 5
   F135[Red-Ex] = 15
   (F23[Red-Ex]-->W135 F112[Red-Ex]-->W135 )

W70(19,55,25) [dkdz] (D-Schiffe=8)
   F144[Red-Ex] = 5
   (F23[Red-Ex]-->W55 F112[Red-Ex]-->W55 )

W90(150,27,135) [Red-Ex] (D-Schiffe=9)
   F23[Red-Ex] = 2
   F112[Red-Ex] = 2

W101(49,17,37) [Red-Ex] (D-Schiffe=13)
   (F39[Red-Ex]-->W49 )

W135(17,37,90,55) [Red-Ex] (D-Schiffe=15)
   (F135[Red-Ex]-->W55 F23[Red-Ex]-->W90 F112[Red-Ex]-->W90 )

W146(140,121,27) [Red-Ex] (D-Schiffe=6)
   (F107[Red-Ex]-->W27 )

