Infos zu Spieler: Beerbowl Runde: 7 
Punkte: 340 | Welten: 4 | Flotten: 7 | Schiffe auf Flotten: 38 | D-Schiffe: 5
Verbündete: ()

W7(88,110) [masal] (D-Schiffe=6)
   F99[masal] = 5
   F145[masal] = 5
   F92[masal] = 5
   F51[masal] = 1
   F71[masal] = 1
   F87[Beerbowl] = 7
   F138[Beerbowl] = 5
   F76[Beerbowl] = 7
   F125[Beerbowl] = 6
   F38[Beerbowl] = 7
   F100[Beerbowl] = 5

W23(88,139) [Beerbowl] (D-Schiffe=2)
   (F87[Beerbowl]-->W88 F77[Beerbowl]-->W88 F125[Beerbowl]-->W88 F38[Beerbowl]-->W88 F100[Beerbowl]-->W88 )

W61(87,88,29) [Beerbowl] (D-Schiffe=1)
   (F89[eragon]-->W29 F104[eragon]-->W29 F138[Beerbowl]-->W88 )

W88(61,7,23) [Beerbowl] (D-Schiffe=1)
   F77[Beerbowl] = 1
   (F87[Beerbowl]-->W7 F138[Beerbowl]-->W7 F76[Beerbowl]-->W7 F125[Beerbowl]-->W7 F38[Beerbowl]-->W7 F100[Beerbowl]-->W7 )

W139(23,25,120) [Beerbowl] (D-Schiffe=1)
   F13[dkdz] = 5
   F66[dkdz] = 5
   (F77[Beerbowl]-->W23 F125[Beerbowl]-->W23 F38[Beerbowl]-->W23 F100[Beerbowl]-->W23 )

