Infos zu Spieler: Drake Runde: 7 
Punkte: 1540 | Welten: 24 | Flotten: 27 | Schiffe auf Flotten: 29 | D-Schiffe: 73
Verbündete: ()

W2(64,24) [Drake] (D-Schiffe=5)
   F30[Drake] = 1

W4(64,98,18) [Toaster] (D-Schiffe=2)
   F44[Toaster] = 2
   (F91[Drake]-->W64 )

W5(96,10,142) [Drake] (D-Schiffe=7)

W10(5,103,104) [Drake] (D-Schiffe=3)
   F129[ZAPHOD] = 6

W12(22,24,131) [Drake] (D-Schiffe=3)
   (F147[Drake]-->W131 )

W17(135,101,22,122) [Red-Ex] (D-Schiffe=5)
   F94[Red-Ex] = 5
   F37[Drake] = 5

W22(12,17) [Drake] (D-Schiffe=1)
   F12[Drake] = 0
   F75[Drake] = 0
   F140[Drake] = 1

W24(12,43,2,105) [Drake] (D-Schiffe=3)
   F63[ZAPHOD] = 1
   (F147[Drake]-->W12 )

W33(72,45,113) [Drake] (D-Schiffe=2)
   (F121[Drake]-->W72 )

W42(89,64,111,60) [eragon] (D-Schiffe=2)
   F35[Drake] = 0
   F72[Drake] = 0
   F118[Drake] = 0
   F131[Drake] = 0
   F136[Drake] = 1
   F91[Drake] = 2
   (F30[Drake]-->W64 F36[eragon]-->W64 )

W43(106,24,93) [Drake] (D-Schiffe=8)

W45(132,58,33) [Drake] (D-Schiffe=1)
   (F121[Drake]-->W33 F68[Drake]-->W132 )

W52(32,104,115,105)
   F102[---] = 0
   F50[ZAPHOD] = 3
   F148[dernils] = 3
   F134[Drake] = 2
   F82[ZAPHOD] = 3
   F106[ZAPHOD] = 1

W64(4,2,42) [Drake] (D-Schiffe=2)
   F36[eragon] = 2
   (F91[Drake]-->W42 F30[Drake]-->W2 )

W72(33,106,38) [Drake] (D-Schiffe=4)
   (F121[Drake]-->W106 )

W76(118,142,108) [Drake] (D-Schiffe=3)

W89(132,42,142) [Drake] (D-Schiffe=2)
   F88[Drake] = 0
   F68[Drake] = 3

W93(96,43) [Drake] (D-Schiffe=4)

W96(5,122,93) [Drake] (D-Schiffe=8)
   (F55[Drake]-->W122 )

W99(104,98) [Drake]
   F79[Drake] = 0
   F98[Drake] = 2

W104(99,10,52) [Drake] (D-Schiffe=1)
   (F134[Drake]-->W52 F98[Drake]-->W99 )

W105(47,130,109,52,24) [ZAPHOD] (D-Schiffe=1)
   (F82[ZAPHOD]-->W52 F147[Drake]-->W24 F106[ZAPHOD]-->W52 F106[ZAPHOD]-->W47 F63[ZAPHOD]-->W24 )

W106(43,72) [Drake] (D-Schiffe=7)
   F121[Drake] = 1

W108(77,76,50,13,56) [Drake] (D-Schiffe=1)
   F113[Drake] = 0
   F115[Drake] = 0
   F141[Drake] = 0
   F10[Drake] = 1

W118(76,126) [Drake] (D-Schiffe=1)
   (F52[Drake]-->W126 )

W122(110,96,51,17) [masal] (D-Schiffe=3 (Ambusch: {F55[Drake]}))
   F20[masal] = 1 (Ambush: {F55[Drake]})
   F127[masal] = 1 (Ambush: {F55[Drake]})
   F22[masal] = 2 (Ambush: {F55[Drake]})
   F55[masal] = 0
   (F37[Drake]-->W17 )

W126(35,118,34) [Drake]
   F52[Drake] = 1

W128(116,54,132,150) [ZAPHOD] (D-Schiffe=4)
   F60[Drake] = 2
   (F46[ZAPHOD]-->W132 )

W131(98,102,12) [Drake] (D-Schiffe=1)
   F1[Drake] = 0
   F61[Drake] = 1
   F147[Drake] = 5

W132(89,45,128) [Drake] (D-Schiffe=1)
   F62[Drake] = 1
   F46[ZAPHOD] = 4
   (F68[Drake]-->W89 F60[Drake]-->W128 )

W142(5,76,89) [Drake] (D-Schiffe=5)

