Infos zu Spieler: masal Runde: 7 
Punkte: 380 | Welten: 4 | Flotten: 10 | Schiffe auf Flotten: 25 | D-Schiffe: 21
Verbündete: ()

W7(88,110) [masal] (D-Schiffe=6)
   F99[masal] = 5
   F145[masal] = 5
   F92[masal] = 5
   F51[masal] = 1
   F71[masal] = 1
   F87[Beerbowl] = 7
   F138[Beerbowl] = 5
   F76[Beerbowl] = 7
   F125[Beerbowl] = 6
   F38[Beerbowl] = 7
   F100[Beerbowl] = 5

W35(110,126,145) [masal] (D-Schiffe=4)
   F5[masal] = 4
   F116[eragon] = 2

W110(35,122,7) [masal] (D-Schiffe=8)

W122(110,96,51,17) [masal] (D-Schiffe=3 (Ambusch: {F55[Drake]}))
   F20[masal] = 1 (Ambush: {F55[Drake]})
   F127[masal] = 1 (Ambush: {F55[Drake]})
   F22[masal] = 2 (Ambush: {F55[Drake]})
   F55[masal] = 0
   (F37[Drake]-->W17 )

