Infos zu Spieler: dernils Runde: 8 
Punkte: 1580 | Welten: 21 | Flotten: 18 | Schiffe auf Flotten: 54 | D-Schiffe: 52
Verbündete: ()

W11(130,28,63,3,115) [Toaster] (D-Schiffe=3)
   F18[Toaster] = 5
   F2[dernils] = 3
   (F7[ZAPHOD]-->W130 )

W14(115,100,92) [dernils] (D-Schiffe=4)
   F148[dernils] = 3
   (F58[dernils]-->W115 F137[dernils]-->W92 )

W19(70,134,112) [dernils] (D-Schiffe=2)
   (F74[dernils]-->W134 )

W26(133,149,28) [dernils]
   F41[dernils] = 0
   F83[dernils] = 0
   F133[dernils] = 4

W34(149,137,126)
   F26[---] = 0
   F52[Drake] = 1
   F117[dernils] = 4

W36(115,138,124) [dernils] (D-Schiffe=1)
   (F2[dernils]-->W115 F119[dernils]-->W124 )

W40(13,134) [dernils]
   F84[dernils] = 5

W48(144,145,133) [dernils] (D-Schiffe=1)
   F48[dernils] = 1
   F85[dernils] = 1
   F130[dernils] = 2 (feuert auf F32[eragon])
   F24[dernils] = 2 (feuert auf F32[eragon])
   F32[dernils] = 0

W52(32,104,115,105) [ZAPHOD]
   F102[ZAPHOD] = 0
   F50[ZAPHOD] = 3
   F82[ZAPHOD] = 3
   F106[ZAPHOD] = 1
   (F148[dernils]-->W115 F134[Drake]-->W32 )

W68(136,112,84,91) [dernils] (D-Schiffe=3)

W70(19,55,25) [dkdz] (D-Schiffe=5)
   F23[Red-Ex] = 0
   F112[Red-Ex] = 0
   F135[Red-Ex] = 5
   (F74[dernils]-->W19 )

W74(112,38) [dernils]
   F122[dernils] = 7

W75(92,84,87) [dernils] (D-Schiffe=4)

W84(87,68,75) [dernils] (D-Schiffe=11)

W87(61,84,75) [dernils] (D-Schiffe=3)

W92(129,75,14) [dernils] (D-Schiffe=4)
   F137[dernils] = 5

W94(130,136,138) [dernils] (D-Schiffe=2)
   (F57[ZAPHOD]-->W130 F132[dernils]-->W130 )

W100(14,65,47) [ZAPHOD] (D-Schiffe=3)
   F106[ZAPHOD] = 1
   (F58[dernils]-->W14 F137[dernils]-->W14 )

W112(74,68,19) [dernils] (D-Schiffe=1)
   (F122[dernils]-->W74 )

W115(14,36,52,11) [dernils] (D-Schiffe=3)
   F58[dernils] = 4
   (F2[dernils]-->W11 F148[dernils]-->W14 )

W124(39,36,120) [eragon] (D-Schiffe=4)
   F119[dernils] = 4
   (F25[Toaster]-->W39 F33[Toaster]-->W39 )

W129(92,83,144) [dernils] (D-Schiffe=3)
   F21[Toaster] = 4

W130(94,11,105) [ZAPHOD] (D-Schiffe=2)
   F7[ZAPHOD] = 1
   F132[dernils] = 3
   (F57[ZAPHOD]-->W105 )

W134(136,40,19) [dernils] (D-Schiffe=1)
   (F74[dernils]-->W136 F84[dernils]-->W40 )

W136(134,68,94) [dernils] (D-Schiffe=4)
   F74[dernils] = 6

W138(94,36) [dernils] (D-Schiffe=2)
   (F132[dernils]-->W94 )

W144(48,129,149) [dernils] (D-Schiffe=2)
   (F117[dernils]-->W149 )

W149(34,144,26) [dernils] (D-Schiffe=1)
   (F117[dernils]-->W34 F133[dernils]-->W26 )

