Infos zu Spieler: dkdz Runde: 8 
Punkte: 580 | Welten: 5 | Flotten: 8 | Schiffe auf Flotten: 25 | D-Schiffe: 34
Verbündete: ()

W23(88,139) [Beerbowl] (D-Schiffe=4)
   F66[dkdz] = 5

W25(46,70,139) [dkdz] (D-Schiffe=6)

W41(46,8,127) [dkdz] (D-Schiffe=6)
   F96[---] = 0

W46(25,41) [dkdz] (D-Schiffe=13)

W55(30,70,135) [Red-Ex] (D-Schiffe=6)
   F3[dkdz] = 0
   F40[dkdz] = 0
   F139[dkdz] = 0
   F16[dkdz] = 5

W70(19,55,25) [dkdz] (D-Schiffe=5)
   F23[Red-Ex] = 0
   F112[Red-Ex] = 0
   F135[Red-Ex] = 5
   (F74[dernils]-->W19 )

W120(124,9,114,139) [eragon] (D-Schiffe=5)
   F80[dkdz] = 5

W123(53,83,127) [Toaster] (D-Schiffe=4)
   F6[dkdz] = 5
   F19[Toaster] = 5

W127(123,41) [dkdz] (D-Schiffe=4)
   F54[---] = 0

W139(23,25,120) [Beerbowl] (D-Schiffe=2)
   F13[dkdz] = 5
   (F66[dkdz]-->W23 )

