Infos zu Spieler: eragon Runde: 8 
Punkte: 1180 | Welten: 13 | Flotten: 7 | Schiffe auf Flotten: 19 | D-Schiffe: 62
Verbündete: ()

W6(116,60,145) [eragon] (D-Schiffe=3)

W9(79,57,120) [eragon] (D-Schiffe=11)
   F89[eragon] = 3
   F104[eragon] = 4

W29(61,57,65) [eragon] (D-Schiffe=6)

W35(110,126,145) [masal] (D-Schiffe=5)
   F5[masal] = 4
   F116[eragon] = 2

W42(89,64,111,60) [eragon] (D-Schiffe=3)
   F72[Drake] = 0
   F118[Drake] = 0
   F131[Drake] = 0
   F136[Drake] = 1
   F30[Drake] = 4
   F68[Drake] = 3
   (F35[Drake]-->W60 F91[Drake]-->W111 )

W57(9,29) [eragon] (D-Schiffe=12)
   F42[eragon] = 3

W58(45,114,133) [eragon] (D-Schiffe=1)
   F103[---] = 0
   F128[eragon] = 3
   F60[Drake] = 2

W60(6,83,79,42) [eragon] (D-Schiffe=4)
   F35[Drake] = 1

W64(4,2,42) [Drake] (D-Schiffe=3)
   F36[eragon] = 2
   (F30[Drake]-->W42 )

W79(9,60,54) [eragon] (D-Schiffe=5)
   (F56[ZAPHOD]-->W54 )

W111(42) [eragon] (D-Schiffe=4)
   F91[Drake] = 1

W114(58,16,120) [eragon] (D-Schiffe=2)
   F90[eragon] = 2

W120(124,9,114,139) [eragon] (D-Schiffe=5)
   F80[dkdz] = 5

W124(39,36,120) [eragon] (D-Schiffe=4)
   F119[dernils] = 4
   (F25[Toaster]-->W39 F33[Toaster]-->W39 )

W145(6,48,35) [eragon] (D-Schiffe=2)
   F4[---] = 0

