Infos zu Spieler: Red-Ex Runde: 8 
Punkte: 1100 | Welten: 10 | Flotten: 8 | Schiffe auf Flotten: 23 | D-Schiffe: 71
Verbündete: ()

W17(135,101,22,122) [Red-Ex] (D-Schiffe=6)
   F94[Red-Ex] = 5
   (F37[Drake]-->W122 )

W27(146,90) [Red-Ex] (D-Schiffe=8)
   F43[---] = 0

W30(55,147) [Red-Ex] (D-Schiffe=5)

W37(135,101) [Red-Ex] (D-Schiffe=13)

W49(81,101,107) [Red-Ex] (D-Schiffe=2)
   F31[Red-Ex] = 0
   F39[Red-Ex] = 5

W55(30,70,135) [Red-Ex] (D-Schiffe=6)
   F3[dkdz] = 0
   F40[dkdz] = 0
   F139[dkdz] = 0
   F16[dkdz] = 5

W70(19,55,25) [dkdz] (D-Schiffe=5)
   F23[Red-Ex] = 0
   F112[Red-Ex] = 0
   F135[Red-Ex] = 5
   (F74[dernils]-->W19 )

W90(150,27,135) [Red-Ex] (D-Schiffe=6)

W101(49,17,37) [Red-Ex] (D-Schiffe=7)

W135(17,37,90,55) [Red-Ex] (D-Schiffe=15)
   F144[Red-Ex] = 3

W146(140,121,27) [Red-Ex] (D-Schiffe=3)
   F107[Red-Ex] = 5

