Infos zu Spieler: Toaster Runde: 8 
Punkte: 1100 | Welten: 12 | Flotten: 13 | Schiffe auf Flotten: 52 | D-Schiffe: 34
Verbündete: ()

W3(80,15,109,11,66) [Toaster] (D-Schiffe=5)
   F27[Toaster] = 10
   (F120[ZAPHOD]-->W80 )

W4(64,98,18) [Toaster] (D-Schiffe=3)
   F44[Toaster] = 2

W11(130,28,63,3,115) [Toaster] (D-Schiffe=3)
   F18[Toaster] = 5
   F2[dernils] = 3
   (F7[ZAPHOD]-->W130 )

W15(3,53,62) [Toaster] (D-Schiffe=4)
   (F27[Toaster]-->W3 )

W18(62,39,4) [Toaster] (D-Schiffe=6)
   F25[Toaster] = 1

W31(39,95,140) [Toaster]
   F8[Toaster] = 0
   F11[Toaster] = 0
   F33[Toaster] = 4

W39(124,31,18) [Toaster] (D-Schiffe=2)
   F123[---] = 0
   (F25[Toaster]-->W18 F33[Toaster]-->W31 )

W53(123,15) [Toaster] (D-Schiffe=2)
   (F27[Toaster]-->W15 )

W62(15,18,85) [Toaster] (D-Schiffe=2)
   F86[ZAPHOD] = 7

W80(3,32,141) [ZAPHOD] (D-Schiffe=2)
   F73[Toaster] = 3
   F120[ZAPHOD] = 4

W83(129,60,123) [Toaster] (D-Schiffe=2)
   F67[Toaster] = 3
   F97[Toaster] = 8

W109(3,105,121) [Toaster] (D-Schiffe=1)
   F150[Toaster] = 7

W123(53,83,127) [Toaster] (D-Schiffe=4)
   F6[dkdz] = 5
   F19[Toaster] = 5

W124(39,36,120) [eragon] (D-Schiffe=4)
   F119[dernils] = 4
   (F25[Toaster]-->W39 F33[Toaster]-->W39 )

W129(92,83,144) [dernils] (D-Schiffe=3)
   F21[Toaster] = 4

