Infos zu Spieler: Drake Runde: 5 
Punkte: 620 | Welten: 15 | Flotten: 13 | Schiffe auf Flotten: 26 | D-Schiffe: 26
Verbündete: ()

W2(64,24) [Drake] (D-Schiffe=1)
   (F91[Drake]-->W64 )

W5(96,10,142) [Drake] (D-Schiffe=3)

W10(5,103,104) [Drake] (D-Schiffe=1)
   (F98[Drake]-->W103 )

W12(22,24,131) [Drake]
   F61[Drake] = 0
   F140[Drake] = 2

W24(12,43,2,105) [Drake] (D-Schiffe=1)
   F55[Drake] = 1
   (F140[Drake]-->W12 )

W33(72,45,113) [Drake]
   F68[Drake] = 4

W43(106,24,93) [Drake] (D-Schiffe=4)

W64(4,2,42) [Drake]
   F136[Drake] = 0
   F91[Drake] = 4

W72(33,106,38) [Drake] (D-Schiffe=2)
   (F68[Drake]-->W33 )

W76(118,142,108) [Drake]
   F52[Drake] = 0
   F10[Drake] = 2

W89(132,42,142) [Drake]
   F88[Drake] = 0
   F60[Drake] = 3

W93(96,43) [Drake] (D-Schiffe=4)
   F147[Drake] = 1

W96(5,122,93) [Drake] (D-Schiffe=6)
   F37[Drake] = 5
   (F147[Drake]-->W93 )

W103(1,10,91)
   F86[---] = 0
   F98[Drake] = 4
   F129[ZAPHOD] = 3

W106(43,72) [Drake] (D-Schiffe=3)

W142(5,76,89) [Drake] (D-Schiffe=1)
   (F10[Drake]-->W76 F60[Drake]-->W89 )

