Infos zu Spieler: Red-Ex Runde: 5 
Punkte: 500 | Welten: 9 | Flotten: 8 | Schiffe auf Flotten: 23 | D-Schiffe: 29
Verbündete: ()

W17(135,101,22,122) [Red-Ex] (D-Schiffe=3)
   F94[Red-Ex] = 5

W27(146,90) [Red-Ex] (D-Schiffe=2)
   F43[---] = 0
   (F107[Red-Ex]-->W146 )

W30(55,147) [Red-Ex] (D-Schiffe=2)

W37(135,101) [Red-Ex] (D-Schiffe=5)

W55(30,70,135) [Red-Ex] (D-Schiffe=3)
   F3[Red-Ex] = 0
   F40[Red-Ex] = 0
   F139[Red-Ex] = 0
   F135[Red-Ex] = 5

W90(150,27,135) [Red-Ex] (D-Schiffe=3)
   (F56[ZAPHOD]-->W150 F120[ZAPHOD]-->W150 )

W101(49,17,37) [Red-Ex] (D-Schiffe=2)
   F39[Red-Ex] = 5

W135(17,37,90,55) [Red-Ex] (D-Schiffe=9)
   F144[Red-Ex] = 3

W146(140,121,27) [Red-Ex]
   F107[Red-Ex] = 5

