Infos zu Spieler: Cubesphere Runde: 3 
Punkte: 200 | Planeten: 7 | Flotten: 11 | Schiffe auf Flotten: 30 | D-Schiffe: 5
Verbündete: ()


W37(52,85,171) [Cubesphere]
   F39[Cubesphere] = 0
   F108[Cubesphere] = 0
   F36[Cubesphere] = 6 (bewegt)

W47(85,176,211) [Cubesphere]
   F116[Cubesphere] = 0
   F35[Cubesphere] = 6 (bewegt)

W79(55,189,193) [Cubesphere]
   F152[Cubesphere] = 6 (bewegt)

W85(37,47,220) [Cubesphere] (D-Schiffe=1)
   (F36[Cubesphere]-->W37 F35[Cubesphere]-->W47)

W88(81,97,98,189) [Cubesphere]
   F34[Cubesphere] = 0
   F156[Cubesphere] = 0
   F220[Cubesphere] = 0
   F165[Cubesphere] = 6 (bewegt)

W189(79,88,220) [Cubesphere] (D-Schiffe=1)
   F60[Cubesphere] = 6
   (F165[Cubesphere]-->W88 F152[Cubesphere]-->W79)

W220(85,189) [Cubesphere] (D-Schiffe=3)

