Infos zu Spieler: Lul4n Runde: 3 
Punkte: 200 | Planeten: 7 | Flotten: 9 | Schiffe auf Flotten: 30 | D-Schiffe: 5
Verbündete: ()


W20(172,173,182,184) [Lul4n]
   F147[Lul4n] = 0
   F194[Lul4n] = 0
   F98[Lul4n] = 6 (bewegt)

W109(132,182) [Lul4n] (D-Schiffe=3)
   F159[Lul4n] = 1 (bewegt)

W132(109,168,217) [Lul4n] (D-Schiffe=1)
   (F159[Lul4n]-->W109 F101[Lul4n]-->W168 F171[Lul4n]-->W217 F207[Lul4n]-->W217)

W148(56,182) [Lul4n]
   F176[Lul4n] = 6 (bewegt)

W168(22,132) [Lul4n]
   F101[Lul4n] = 8 (bewegt)

W182(20,109,148) [Lul4n] (D-Schiffe=1)
   (F98[Lul4n]-->W20 F176[Lul4n]-->W148)

W217(24,132,140) [Lul4n]
   F97[Lul4n] = 0
   F171[Lul4n] = 4 (bewegt)
   F207[Lul4n] = 5 (bewegt)

