Infos zu Spieler: masal Runde: 3 
Punkte: 60 | Welten: 3 | Flotten: 7 | Schiffe auf Flotten: 25 | D-Schiffe: 3
Verbündete: ()

W7(88,110) [masal] (D-Schiffe=2)
   F99[masal] = 5
   F145[masal] = 5
   F92[masal] = 5
   F51[masal] = 1
   F71[masal] = 1
   (F100[Beerbowl]-->W88 F125[Beerbowl]-->W88 )

W35(110,126,145) [masal]
   F5[masal] = 4

W88(61,7,23) [Beerbowl] (D-Schiffe=2)
   F100[Beerbowl] = 5
   F125[Beerbowl] = 5
   F138[Beerbowl] = 1
   (F145[masal]-->W7 F92[masal]-->W7 )

W110(35,122,7) [masal] (D-Schiffe=1)
   (F51[masal]-->W7 F71[masal]-->W7 F22[masal]-->W122 F5[masal]-->W35 )

W122(110,96,51,17)
   F20[---] = 0
   F127[---] = 0
   F94[Red-Ex] = 5
   F37[Drake] = 5
   F22[masal] = 4

