Infos zu Spieler: RexKramer Runde: 3 
Punkte: 240 | Planeten: 8 | Flotten: 9 | Schiffe auf Flotten: 30 | D-Schiffe: 6
Verbündete: ()


W50(71,163) [RexKramer] (D-Schiffe=1)
   F122[---] = 0
   (F216[RexKramer]-->W163 F71[RexKramer]-->W71)

W53(81,91,164) [RexKramer]
   F50[RexKramer] = 6 (bewegt)
   F172[RexKramer] = 6 (bewegt)

W64(92,103) [RexKramer]
   F71[RexKramer] = 6 (bewegt)

W71(50,91,92) [RexKramer] (D-Schiffe=3)
   (F71[RexKramer]-->W92)

W91(53,71) [RexKramer] (D-Schiffe=1)
   (F50[RexKramer]-->W53 F172[RexKramer]-->W53)

W92(64,71,185) [RexKramer] (D-Schiffe=1)
   F211[---] = 0
   (F71[RexKramer]-->W64 F94[RexKramer]-->W185)

W163(50,84,126,202) [RexKramer]
   F5[RexKramer] = 0
   F216[RexKramer] = 6 (bewegt)

W185(92,99,125) [RexKramer]
   F33[RexKramer] = 0
   F145[RexKramer] = 0
   F163[RexKramer] = 0
   F94[RexKramer] = 6 (bewegt)

