Infos zu Spieler: ZAPHOD Runde: 3 
Punkte: 120 | Welten: 6 | Flotten: 9 | Schiffe auf Flotten: 25 | D-Schiffe: 5
Verbündete: ()

W29(61,57,65) [eragon] (D-Schiffe=1)
   F38[Beerbowl] = 5
   F93[ZAPHOD] = 3
   F82[ZAPHOD] = 3
   (F104[eragon]-->W61 F42[eragon]-->W65 )

W65(29,73,100) [ZAPHOD] (D-Schiffe=1)
   F42[eragon] = 5
   (F93[ZAPHOD]-->W29 F82[ZAPHOD]-->W29 F63[ZAPHOD]-->W100 )

W71(86,91,85) [ZAPHOD]
   F126[ZAPHOD] = 0
   F129[ZAPHOD] = 5

W73(86,65) [ZAPHOD] (D-Schiffe=3)

W86(150,73,71) [ZAPHOD] (D-Schiffe=1)
   (F46[ZAPHOD]-->W150 F120[ZAPHOD]-->W150 F129[ZAPHOD]-->W71 )

W100(14,65,47) [ZAPHOD]
   F70[ZAPHOD] = 0
   F78[ZAPHOD] = 0
   F63[ZAPHOD] = 4

W150(90,86,32,128) [ZAPHOD]
   F46[ZAPHOD] = 5
   F120[ZAPHOD] = 5

