Infos zu Spieler: dkdz Runde: 6 
Punkte: 380 | Welten: 5 | Flotten: 5 | Schiffe auf Flotten: 25 | D-Schiffe: 22
Verbündete: ()

W25(46,70,139) [dkdz] (D-Schiffe=4)
   F13[dkdz] = 5
   F66[dkdz] = 5

W41(46,8,127) [dkdz] (D-Schiffe=4)
   F96[---] = 0

W46(25,41) [dkdz] (D-Schiffe=9)

W55(30,70,135) [Red-Ex] (D-Schiffe=4)
   F3[---] = 0
   F40[---] = 0
   F139[---] = 0
   F135[Red-Ex] = 5
   F16[dkdz] = 5

W70(19,55,25) [dkdz] (D-Schiffe=3)
   F23[---] = 0
   F112[---] = 0
   (F16[dkdz]-->W55 )

W120(124,9,114,139) [eragon] (D-Schiffe=3)
   F80[dkdz] = 5
   (F128[eragon]-->W114 )

W123(53,83,127) [Toaster] (D-Schiffe=2)
   F6[dkdz] = 5
   (F19[Toaster]-->W83 F97[Toaster]-->W83 )

W127(123,41) [dkdz] (D-Schiffe=2)
   F54[---] = 0
   (F6[dkdz]-->W123 )

