Infos zu Spieler: eragon Runde: 6 
Punkte: 660 | Welten: 12 | Flotten: 9 | Schiffe auf Flotten: 20 | D-Schiffe: 31
Verbündete: ()

W6(116,60,145) [eragon] (D-Schiffe=1)
   F46[ZAPHOD] = 4
   (F116[eragon]-->W116 F32[eragon]-->W145 )

W9(79,57,120) [eragon] (D-Schiffe=7)

W29(61,57,65) [eragon] (D-Schiffe=4)

W36(115,138,124)
   F90[eragon] = 2
   F2[dernils] = 3

W39(124,31,18) [Toaster]
   F123[Toaster] = 0
   F33[Toaster] = 5
   (F90[eragon]-->W124 )

W42(89,64,111,60) [eragon] (D-Schiffe=1)
   F30[Drake] = 0
   F35[Drake] = 0
   F72[Drake] = 0
   F118[Drake] = 0
   F131[Drake] = 0
   F136[Drake] = 2
   (F36[eragon]-->W111 )

W57(9,29) [eragon] (D-Schiffe=8)

W60(6,83,79,42) [eragon] (D-Schiffe=2)
   (F67[Toaster]-->W83 F32[eragon]-->W6 )

W61(87,88,29) [Beerbowl] (D-Schiffe=2)
   F89[eragon] = 3
   F104[eragon] = 4
   F138[Beerbowl] = 3

W65(29,73,100) [ZAPHOD] (D-Schiffe=1)
   F42[eragon] = 3
   (F82[ZAPHOD]-->W100 F101[ZAPHOD]-->W100 )

W73(86,65) [ZAPHOD] (D-Schiffe=2)
   (F101[ZAPHOD]-->W65 F42[eragon]-->W65 )

W79(9,60,54) [eragon] (D-Schiffe=3)

W83(129,60,123) [Toaster] (D-Schiffe=2)
   F67[Toaster] = 3
   F19[Toaster] = 5
   F97[Toaster] = 6
   (F32[eragon]-->W60 F119[dernils]-->W129 F58[dernils]-->W129 )

W87(61,84,75) [dernils] (D-Schiffe=1)
   (F89[eragon]-->W61 F104[eragon]-->W61 )

W111(42) [eragon]
   F36[eragon] = 2

W114(58,16,120) [eragon]
   F128[eragon] = 3

W116(6,128) [ZAPHOD] (D-Schiffe=1)
   F116[eragon] = 2
   (F46[ZAPHOD]-->W6 )

W120(124,9,114,139) [eragon] (D-Schiffe=3)
   F80[dkdz] = 5
   (F128[eragon]-->W114 )

W124(39,36,120) [eragon] (D-Schiffe=2)
   F25[---] = 0
   (F90[eragon]-->W36 )

W139(23,25,120) [Beerbowl]
   F77[Beerbowl] = 0
   F125[Beerbowl] = 7
   F38[Beerbowl] = 7
   F100[Beerbowl] = 5
   (F138[Beerbowl]-->W23 F87[Beerbowl]-->W23 F76[Beerbowl]-->W23 F128[eragon]-->W120 )

W145(6,48,35) [eragon]
   F4[eragon] = 0
   F32[eragon] = 1

