Infos zu Spieler: Red-Ex Runde: 6 
Punkte: 700 | Welten: 10 | Flotten: 6 | Schiffe auf Flotten: 23 | D-Schiffe: 41
Verbündete: ()

W17(135,101,22,122) [Red-Ex] (D-Schiffe=4)
   F94[Red-Ex] = 5

W27(146,90) [Red-Ex] (D-Schiffe=4)
   F43[---] = 0

W30(55,147) [Red-Ex] (D-Schiffe=3)

W37(135,101) [Red-Ex] (D-Schiffe=7)

W49(81,101,107) [Red-Ex]
   F31[Red-Ex] = 0
   F39[Red-Ex] = 5

W55(30,70,135) [Red-Ex] (D-Schiffe=4)
   F3[---] = 0
   F40[---] = 0
   F139[---] = 0
   F135[Red-Ex] = 5
   F16[dkdz] = 5

W90(150,27,135) [Red-Ex] (D-Schiffe=4)

W101(49,17,37) [Red-Ex] (D-Schiffe=3)
   (F39[Red-Ex]-->W49 )

W135(17,37,90,55) [Red-Ex] (D-Schiffe=11)
   F144[Red-Ex] = 3

W146(140,121,27) [Red-Ex] (D-Schiffe=1)
   F107[Red-Ex] = 5

