Infos zu Spieler: Drake Runde: 12 
Punkte: 4680 | Welten: 34 | Flotten: 36 | Schiffe auf Flotten: 90 | D-Schiffe: 221
Verbündete: ()

W2(64,24) [Drake] (D-Schiffe=7)
   F12[Drake] = 2
   (F136[Drake]-->W64 )

W3(80,15,109,11,66) [Toaster] (D-Schiffe=4)
   F134[Drake] = 2

W5(96,10,142) [Drake] (D-Schiffe=10)
   F115[Drake] = 3

W10(5,103,104) [Drake] (D-Schiffe=8)

W12(22,24,131) [Drake] (D-Schiffe=9)
   F140[Drake] = 1
   F75[Drake] = 1
   (F12[Drake]-->W24 )

W15(3,53,62) [Toaster] (D-Schiffe=7)
   F97[Toaster] = 8
   F35[Drake] = 1

W18(62,39,4) [Toaster] (D-Schiffe=8)
   F8[Toaster] = 1
   F33[Toaster] = 3
   F61[Drake] = 2

W22(12,17) [Drake] (D-Schiffe=11)

W24(12,43,2,105) [Drake] (D-Schiffe=8)
   F72[Drake] = 4
   (F12[Drake]-->W2 F136[Drake]-->W2 )

W28(97,11,26) [ZAPHOD] (D-Schiffe=1)
   (F82[ZAPHOD]-->W11 F52[Drake]-->W97 )

W33(72,45,113) [Drake] (D-Schiffe=2)
   (F121[Drake]-->W72 F15[Drake]-->W45 F103[Drake]-->W113 )

W38(74,13,72) [Drake] (D-Schiffe=9)
   (F146[Drake]-->W72 )

W39(124,31,18) [Toaster] (D-Schiffe=6)
   F123[Toaster] = 0
   F11[Toaster] = 1
   (F61[Drake]-->W18 )

W43(106,24,93) [Drake] (D-Schiffe=2)
   F146[Drake] = 1
   (F72[Drake]-->W24 )

W45(132,58,33) [Drake] (D-Schiffe=10)
   (F15[Drake]-->W132 F103[Drake]-->W33 F118[Drake]-->W58 F141[Drake]-->W58 )

W48(144,145,133) [dernils] (D-Schiffe=3)
   F60[Drake] = 1

W50(117,108) [Drake] (D-Schiffe=3)

W53(123,15) [Toaster] (D-Schiffe=10)
   (F35[Drake]-->W15 )

W56(69,117,67,108) [Drake] (D-Schiffe=3)
   F10[Drake] = 1
   F131[Drake] = 14
   (F108[Drake]-->W69 F113[Drake]-->W67 F110[ZAPHOD]-->W69 )

W58(45,114,133) [eragon] (D-Schiffe=4)
   F118[Drake] = 6
   F141[Drake] = 3

W64(4,2,42) [Drake] (D-Schiffe=11)
   F89[eragon] = 9
   F91[eragon] = 4
   F136[Drake] = 7

W66(107,82,3) [ZAPHOD]
   F14[ZAPHOD] = 5 (feuert auf D-Schiffe)
   (F134[Drake]-->W3 )

W67(137,56,81)
   F85[dernils] = 2
   F130[dernils] = 3
   F113[Drake] = 1
   (F17[Drake]-->W81 F109[ZAPHOD]-->W81 )

W69(56,59,148) [ZAPHOD] (D-Schiffe=2)
   F108[Drake] = 1
   (F110[ZAPHOD]-->W148 F129[ZAPHOD]-->W148 F88[Drake]-->W148 )

W72(33,106,38) [Drake] (D-Schiffe=13)
   F121[Drake] = 1
   (F146[Drake]-->W106 )

W76(118,142,108) [Drake] (D-Schiffe=8)
   (F79[Drake]-->W108 F131[Drake]-->W108 )

W77(1,125,108) [ZAPHOD] (D-Schiffe=2)
   (F81[Drake]-->W125 )

W78(137,82,63)
   F1[Drake] = 2
   F130[dernils] = 3

W81(49,54,67) [ZAPHOD] (D-Schiffe=2)
   F17[Drake] = 1
   (F109[ZAPHOD]-->W54 )

W82(113,66,78) [Drake] (D-Schiffe=2)
   F47[Drake] = 2

W89(132,42,142) [Drake] (D-Schiffe=11)
   F30[Drake] = 3
   F62[Drake] = 2
   (F115[Drake]-->W142 F141[Drake]-->W132 F79[Drake]-->W142 )

W93(96,43) [Drake] (D-Schiffe=14)

W95(31,102) [Drake] (D-Schiffe=6)
   (F140[Drake]-->W102 )

W96(5,122,93) [Drake] (D-Schiffe=13)

W97(28,44,143) [ZAPHOD] (D-Schiffe=4)
   F52[Drake] = 1
   F55[ZAPHOD] = 1

W98(131,4,99) [Drake] (D-Schiffe=10)
   (F75[Drake]-->W131 )

W99(104,98) [Drake] (D-Schiffe=2)
   (F98[Drake]-->W104 )

W102(95,131,113) [Drake] (D-Schiffe=4)
   F140[Drake] = 1

W104(99,10,52) [Drake] (D-Schiffe=6)
   F98[Drake] = 8

W106(43,72) [Drake] (D-Schiffe=6)
   (F146[Drake]-->W43 )

W108(77,76,50,13,56) [Drake] (D-Schiffe=4)
   F79[Drake] = 3
   (F131[Drake]-->W56 )

W113(82,102,33) [Drake] (D-Schiffe=6)
   F103[Drake] = 1

W117(56,50,125) [Drake] (D-Schiffe=1)
   F64[Drake] = 0
   F49[Drake] = 1
   (F10[Drake]-->W56 )

W118(76,126) [Drake] (D-Schiffe=3)
   (F131[Drake]-->W76 )

W125(77,140,63,117) [ZAPHOD] (D-Schiffe=3)
   F81[Drake] = 1

W126(35,118,34) [Drake] (D-Schiffe=5)

W131(98,102,12) [Drake] (D-Schiffe=4)
   (F75[Drake]-->W12 )

W132(89,45,128) [Drake] (D-Schiffe=5)
   F15[Drake] = 9
   (F141[Drake]-->W45 F62[Drake]-->W89 )

W133(26,58,48) [eragon]
   F128[eragon] = 4
   F116[eragon] = 2
   (F60[Drake]-->W48 )

W140(146,125,31) [Drake] (D-Schiffe=1)
   F45[Drake] = 0
   F69[Drake] = 1
   (F147[Drake]-->W146 )

W142(5,76,89) [Drake] (D-Schiffe=4)
   (F115[Drake]-->W5 F79[Drake]-->W76 )

W146(140,121,27) [Red-Ex] (D-Schiffe=7)
   F147[Drake] = 1

W148(107,91,69) [ZAPHOD] (D-Schiffe=5)
   F110[ZAPHOD] = 6
   F129[ZAPHOD] = 6
   F88[Drake] = 1

